
> feldspar@0.1.0 start:py
> nodemon --ext py --exec "npm run build:py"

[33m[nodemon] 2.0.22[39m
[33m[nodemon] to restart at any time, enter `rs`[39m
[33m[nodemon] watching path(s): *.*[39m
[33m[nodemon] watching extensions: py[39m
[32m[nodemon] starting `npm run build:py`[39m

> feldspar@0.1.0 build:py
> npm run build:wheel && npm run build:install-wheel


> feldspar@0.1.0 build:wheel
> cd src/framework/processing/py && poetry build --format wheel

Building port (0.0.0)
  - Building wheel
  - Built port-0.0.0-py3-none-any.whl

> feldspar@0.1.0 build:install-wheel
> cp -R src/framework/processing/py/dist/. ./public

[32m[nodemon] clean exit - waiting for changes before restart[39m
[32m[nodemon] restarting due to changes...[39m
[32m[nodemon] starting `npm run build:py`[39m

> feldspar@0.1.0 build:py
> npm run build:wheel && npm run build:install-wheel


> feldspar@0.1.0 build:wheel
> cd src/framework/processing/py && poetry build --format wheel

Building port (0.0.0)
  - Building wheel
  - Built port-0.0.0-py3-none-any.whl

> feldspar@0.1.0 build:install-wheel
> cp -R src/framework/processing/py/dist/. ./public

[32m[nodemon] clean exit - waiting for changes before restart[39m
[32m[nodemon] restarting due to changes...[39m
[32m[nodemon] starting `npm run build:py`[39m

> feldspar@0.1.0 build:py
> npm run build:wheel && npm run build:install-wheel


> feldspar@0.1.0 build:wheel
> cd src/framework/processing/py && poetry build --format wheel

Building port (0.0.0)
  - Building wheel
  - Built port-0.0.0-py3-none-any.whl

> feldspar@0.1.0 build:install-wheel
> cp -R src/framework/processing/py/dist/. ./public

[32m[nodemon] clean exit - waiting for changes before restart[39m
